Flutter crash report.
Please report a bug at https://github.com/flutter/flutter/issues.

## command

flutter run -d ZH8003SZRU

## exception

FileSystemException: FileSystemException: Cannot create link, path = 'E:\fluttersdk\flutter_windows_3.3.0-stable\projects\ChatApp\skidrow_friend\windows\flutter\ephemeral\.plugin_symlinks\path_provider_windows' (OS Error: Cannot create a file when that file already exists.
, errno = 183)

```
#0      _Link.throwIfError (dart:io/link.dart:263:7)
#1      _Link.createSync (dart:io/link.dart:184:5)
#2      ForwardingLink.createSync (package:file/src/forwarding/forwarding_link.dart:20:16)
#3      ForwardingLink.createSync (package:file/src/forwarding/forwarding_link.dart:20:16)
#4      _createPlatformPluginSymlinks (package:flutter_tools/src/flutter_plugins.dart:1057:12)
#5      createPluginSymlinks (package:flutter_tools/src/flutter_plugins.dart:987:5)
#6      refreshPluginsList (package:flutter_tools/src/flutter_plugins.dart:1089:5)
<asynchronous suspension>
#7      FlutterProject.ensureReadyForPlatformSpecificTooling (package:flutter_tools/src/project.dart:350:5)
<asynchronous suspension>
#8      FlutterCommand.verifyThenRunCommand (package:flutter_tools/src/runner/flutter_command.dart:1360:7)
<asynchronous suspension>
#9      FlutterCommand.run.<anonymous closure> (package:flutter_tools/src/runner/flutter_command.dart:1209:27)
<asynchronous suspension>
#10     AppContext.run.<anonymous closure> (package:flutter_tools/src/base/context.dart:150:19)
<asynchronous suspension>
#11     CommandRunner.runCommand (package:args/command_runner.dart:209:13)
<asynchronous suspension>
#12     FlutterCommandRunner.runCommand.<anonymous closure> (package:flutter_tools/src/runner/flutter_command_runner.dart:281:9)
<asynchronous suspension>
#13     AppContext.run.<anonymous closure> (package:flutter_tools/src/base/context.dart:150:19)
<asynchronous suspension>
#14     FlutterCommandRunner.runCommand (package:flutter_tools/src/runner/flutter_command_runner.dart:229:5)
<asynchronous suspension>
#15     run.<anonymous closure>.<anonymous closure> (package:flutter_tools/runner.dart:62:9)
<asynchronous suspension>
#16     AppContext.run.<anonymous closure> (package:flutter_tools/src/base/context.dart:150:19)
<asynchronous suspension>
#17     main (package:flutter_tools/executable.dart:91:3)
<asynchronous suspension>
```

## flutter doctor

```
[✓] Flutter (Channel stable, 3.3.0, on Microsoft Windows [Version 10.0.18362.30], locale en-US)
    • Flutter version 3.3.0 on channel stable at E:\fluttersdk\flutter_windows_3.3.0-stable\flutter
    • Upstream repository https://github.com/flutter/flutter.git
    • Framework revision ffccd96b62 (3 months ago), 2022-08-29 17:28:57 -0700
    • Engine revision 5e9e0e0aa8
    • Dart version 2.18.0
    • DevTools version 2.15.0

[✓] Android toolchain - develop for Android devices (Android SDK version 31.0.0)
    • Android SDK at E:\fluttersdk\android-sdk
    • Platform android-33, build-tools 31.0.0
    • ANDROID_SDK_ROOT = E:\fluttersdk\android-sdk
    • Java binary at: C:\Program Files\Android\Android Studio\jre\bin\java
    • Java version OpenJDK Runtime Environment (build 11.0.8+10-b944.6842174)
    • All Android licenses accepted.

[✓] Chrome - develop for the web
    • Chrome at C:\Program Files\Google\Chrome\Application\chrome.exe

[✗] Visual Studio - develop for Windows
    ✗ Visual Studio not installed; this is necessary for Windows development.
      Download at https://visualstudio.microsoft.com/downloads/.
      Please install the "Desktop development with C++" workload, including all of its default components

[✓] Android Studio (version 4.2)
    • Android Studio at C:\Program Files\Android\Android Studio
    • Flutter plugin can be installed from:
      🔨 https://plugins.jetbrains.com/plugin/9212-flutter
    • Dart plugin can be installed from:
      🔨 https://plugins.jetbrains.com/plugin/6351-dart
    • Java version OpenJDK Runtime Environment (build 11.0.8+10-b944.6842174)

[✓] VS Code (version 1.72.0)
    • VS Code at C:\Users\rabie\AppData\Local\Programs\Microsoft VS Code
    • Flutter extension version 3.44.0

[✓] Connected device (5 available)
    • D2302 (mobile)               • ZH8003SZRU    • android-arm    • Android 5.1.1 (API 22)
    • AOSP on IA Emulator (mobile) • emulator-5554 • android-x86    • Android 9 (API 28) (emulator)
    • AOSP on IA Emulator (mobile) • emulator-5556 • android-x86    • Android 9 (API 28) (emulator)
    • Windows (desktop)            • windows       • windows-x64    • Microsoft Windows [Version 10.0.18362.30]
    • Chrome (web)                 • chrome        • web-javascript • Google Chrome 106.0.5249.119

[!] HTTP Host Availability
    ✗ HTTP host "https://cocoapods.org/" is not reachable. Reason: An error occurred while checking the HTTP host: Failed host lookup:
      'cocoapods.org'
    ✗ HTTP host "https://maven.google.com/" is not reachable. Reason: An error occurred while checking the HTTP host: Failed host lookup:
      'maven.google.com'
    ✗ HTTP host "https://pub.dev/" is not reachable. Reason: An error occurred while checking the HTTP host: Failed host lookup: 'pub.dev'
    ✗ HTTP host "https://cloud.google.com/" is not reachable. Reason: An error occurred while checking the HTTP host: Failed host lookup:
      'cloud.google.com'

! Doctor found issues in 2 categories.
```
